2025-01-17 08:26:33.671Z: Host information
2025-01-17 08:26:33.677Z: ----------------
2025-01-17 08:26:33.677Z: OS: Ubuntu 22.04.5 LTS (stable release)
2025-01-17 08:26:33.677Z: Image details: https://github.com/github/codespaces-host-images/blob/main/README.md
2025-01-17 08:26:33.678Z: ----------------

=================================================================================
2025-01-17 08:26:33.678Z: Configuration starting...
2025-01-17 08:26:33.687Z: Cloning...

=================================================================================
2025-01-17 08:26:33.759Z: Creating container...
2025-01-17 08:26:33.805Z: $ devcontainer up --id-label Type=codespaces --workspace-folder /var/lib/docker/codespacemount/workspace/sbidoul-ocadays2024-odoo-project-demo --mount type=bind,source=/.codespaces/agent/mount/cache,target=/vscode --user-data-folder /var/lib/docker/codespacemount/.persistedshare --container-data-folder .vscode-remote/data/Machine --container-system-data-folder /var/vscode-remote --log-level trace --log-format json --update-remote-user-uid-default never --mount-workspace-git-root false --omit-config-remote-env-from-metadata --skip-non-blocking-commands --skip-post-create --expect-existing-container --config "/var/lib/docker/codespacemount/workspace/sbidoul-ocadays2024-odoo-project-demo/.devcontainer/devcontainer.json" --override-config /root/.codespaces/shared/merged_devcontainer.json --default-user-env-probe loginInteractiveShell --container-session-data-folder /workspaces/.codespaces/.persistedshare/devcontainers-cli/cache --secrets-file /root/.codespaces/shared/user-secrets-envs.json
2025-01-17 08:26:34.029Z: @devcontainers/cli 0.68.0. Node.js v18.20.5. linux 6.5.0-1025-azure x64.
2025-01-17 08:26:40.214Z: $ docker compose -f /var/lib/docker/codespacemount/workspace/sbidoul-ocadays2024-odoo-project-demo/docker-compose.yml -f /var/lib/docker/codespacemount/workspace/sbidoul-ocadays2024-odoo-project-demo/.devcontainer/docker-compose.yml -f /var/lib/docker/codespacemount/.persistedshare/docker-compose.codespaces.yml --profile * config
2025-01-17 08:26:40.449Z: Stop: Run: docker compose -f /var/lib/docker/codespacemount/workspace/sbidoul-ocadays2024-odoo-project-demo/docker-compose.yml -f /var/lib/docker/codespacemount/workspace/sbidoul-ocadays2024-odoo-project-demo/.devcontainer/docker-compose.yml -f /var/lib/docker/codespacemount/.persistedshare/docker-compose.codespaces.yml --profile * config
2025-01-17 08:26:40.466Z: Error: The expected container does not exist.
2025-01-17 08:26:40.466Z: {"outcome":"error","message":"2025-01-17 08:26:33.671Z: Host information
2025-01-17 08:26:33.677Z: ----------------
2025-01-17 08:26:33.677Z: OS: Ubuntu 22.04.5 LTS (stable release)
2025-01-17 08:26:33.677Z: Image details: https://github.com/github/codespaces-host-images/blob/main/README.md
2025-01-17 08:26:33.678Z: ----------------

=================================================================================
2025-01-17 08:26:33.678Z: Configuration starting...
2025-01-17 08:26:33.687Z: Cloning...

=================================================================================
2025-01-17 08:26:33.759Z: Creating container...
2025-01-17 08:26:33.805Z: $ devcontainer up --id-label Type=codespaces --workspace-folder /var/lib/docker/codespacemount/workspace/sbidoul-ocadays2024-odoo-project-demo --mount type=bind,source=/.codespaces/agent/mount/cache,target=/vscode --user-data-folder /var/lib/docker/codespacemount/.persistedshare --container-data-folder .vscode-remote/data/Machine --container-system-data-folder /var/vscode-remote --log-level trace --log-format json --update-remote-user-uid-default never --mount-workspace-git-root false --omit-config-remote-env-from-metadata --skip-non-blocking-commands --skip-post-create --expect-existing-container --config "/var/lib/docker/codespacemount/workspace/sbidoul-ocadays2024-odoo-project-demo/.devcontainer/devcontainer.json" --override-config /root/.codespaces/shared/merged_devcontainer.json --default-user-env-probe loginInteractiveShell --container-session-data-folder /workspaces/.codespaces/.persistedshare/devcontainers-cli/cache --secrets-file /root/.codespaces/shared/user-secrets-envs.json
2025-01-17 08:26:34.029Z: @devcontainers/cli 0.68.0. Node.js v18.20.5. linux 6.5.0-1025-azure x64.
2025-01-17 08:26:40.214Z: $ docker compose -f /var/lib/docker/codespacemount/workspace/sbidoul-ocadays2024-odoo-project-demo/docker-compose.yml -f /var/lib/docker/codespacemount/workspace/sbidoul-ocadays2024-odoo-project-demo/.devcontainer/docker-compose.yml -f /var/lib/docker/codespacemount/.persistedshare/docker-compose.codespaces.yml --profile * config
2025-01-17 08:26:40.449Z: Stop: Run: docker compose -f /var/lib/docker/codespacemount/workspace/sbidoul-ocadays2024-odoo-project-demo/docker-compose.yml -f /var/lib/docker/codespacemount/workspace/sbidoul-ocadays2024-odoo-project-demo/.devcontainer/docker-compose.yml -f /var/lib/docker/codespacemount/.persistedshare/docker-compose.codespaces.yml --profile * config
2025-01-17 08:26:40.466Z: Error: The expected container does not exist.
2025-01-17 08:26:40.466Z: {"outcome":"error","message":"The expected container does not exist.","description":"The expected container does not exist."}
2025-01-17 08:26:40.466Z:     at ctA (/.codespaces/agent/bin/node_modules/@devcontainers/cli/dist/spec-node/devContainersSpecCLI.js:410:3207)
2025-01-17 08:26:40.466Z:     at process.processTicksAndRejections (node:internal/process/task_queues:95:5)
2025-01-17 08:26:40.467Z:     at async YtA (/.codespaces/agent/bin/node_modules/@devcontainers/cli/dist/spec-node/devContainersSpecCLI.js:482:3944)
2025-01-17 08:26:40.471Z:     at async eB (/.codespaces/agent/bin/node_modules/@devcontainers/cli/dist/spec-node/devContainersSpecCLI.js:482:4886)
2025-01-17 08:26:40.472Z: devcontainer process exited with exit code 1
2025-01-17 08:26:40.472Z:     at async prA (/.codespaces/agent/bin/node_modules/@devcontainers/cli/dist/spec-node/devContainersSpecCLI.js:663:200)
2025-01-17 08:26:40.472Z:     at async drA (/.codespaces/agent/bin/node_modules/@devcontainers/cli/dist/spec-node/devContainersSpecCLI.js:662:14706)

====================================== ERROR ====================================
2025-01-17 08:26:40.477Z: Failed to create container.
=================================================================================
2025-01-17 08:26:40.478Z: Error: The expected container does not exist.
2025-01-17 08:26:40.480Z: Error code: 1302 (UnifiedContainersErrorFatalCreatingContainer)

====================================== ERROR ====================================
2025-01-17 08:26:40.490Z: Container creation failed.
=================================================================================
2025-01-17 08:26:40.699Z: 

===================================== WARNING ===================================
2025-01-17 08:26:40.701Z: Creating recovery container.
=================================================================================

=================================================================================
2025-01-17 08:26:41.714Z: Creating container...
2025-01-17 08:26:41.743Z: $ devcontainer up --id-label Type=codespaces --workspace-folder /var/lib/docker/codespacemount/workspace/sbidoul-ocadays2024-odoo-project-demo --mount type=bind,source=/.codespaces/agent/mount/cache,target=/vscode --user-data-folder /var/lib/docker/codespacemount/.persistedshare --container-data-folder .vscode-remote/data/Machine --container-system-data-folder /var/vscode-remote --log-level trace --log-format json --update-remote-user-uid-default never --mount-workspace-git-root false --omit-config-remote-env-from-metadata --skip-non-blocking-commands --skip-post-create --config "/var/lib/docker/codespacemount/workspace/sbidoul-ocadays2024-odoo-project-demo/.devcontainer/devcontainer.json" --override-config /root/.codespaces/shared/merged_devcontainer.json --default-user-env-probe loginInteractiveShell --container-session-data-folder /workspaces/.codespaces/.persistedshare/devcontainers-cli/cache --secrets-file /root/.codespaces/shared/user-secrets-envs.json
2025-01-17 08:26:41.900Z: @devcontainers/cli 0.68.0. Node.js v18.20.5. linux 6.5.0-1025-azure x64.
2025-01-17 08:26:42.265Z: $alpine -c echo Container started
2025-01-17 08:26:42.283Z: Unable to find image 'mcr.microsoft.com/devcontainers/base:alpine' locally
2025-01-17 08:26:42.431Z: alpine: Pulling from devcontainers/base
2025-01-17 08:26:42.473Z: 
[1A[2K
da9db072f522: Pulling fs layer 
[1B
[1A[2K
3cdff9e33f37: Pulling fs layer 
[1B
[1A[2K
87dffdaee0b6: Pulling fs layer 
[1B
[1A[2K
3f72e2f1b3f3: Pulling fs layer 
[1B
[1A[2K
1ac829ce5af3: Pulling fs layer 
[1B
[1A[2K
2a15ab263bdf: Pulling fs layer 
[1B
[1A[2K
a9bdcaa5c876: Pulling fs layer 
[1B2025-01-17 08:26:42.473Z: [3A[2K
2025-01-17 08:26:42.474Z: 1ac829ce5af3: Waiting 
[3B2025-01-17 08:26:42.475Z: [4A[2K
2025-01-17 08:26:42.475Z: 3f72e2f1b3f3: Waiting 
[4B[2A[2K
2a15ab263bdf: Waiting 
[2B[1A[2K
a9bdcaa5c876: Waiting 
[1B2025-01-17 08:26:42.543Z: [7A2025-01-17 08:26:42.543Z: [2K2025-01-17 08:26:42.544Z: 
2025-01-17 08:26:42.544Z: da9db072f522: 2025-01-17 08:26:42.545Z: Downloading  48.34kB/3.624MB
2025-01-17 08:26:42.545Z: [7B2025-01-17 08:26:42.546Z: [6A2025-01-17 08:26:42.547Z: [2K2025-01-17 08:26:42.547Z: 
2025-01-17 08:26:42.548Z: 3cdff9e33f37: Download complete 
[6B2025-01-17 08:26:42.557Z: [5A[2K
87dffdaee0b6: Downloading     135B/135B
[5B2025-01-17 08:26:42.558Z: [5A[2K
87dffdaee0b6: Verifying Checksum 
[5B[5A[2K
87dffdaee0b6: Download complete 
[5B2025-01-17 08:26:42.565Z: [7A2025-01-17 08:26:42.567Z: [2K2025-01-17 08:26:42.567Z: 
2025-01-17 08:26:42.567Z: da9db072f522: 2025-01-17 08:26:42.567Z: Downloading  3.624MB/3.624MB
2025-01-17 08:26:42.568Z: [7B[7A[2K
da9db072f522: Verifying Checksum 
[7B[7A[2K
da9db072f522: Download complete 
[7B2025-01-17 08:26:42.589Z: [7A[2K
da9db072f522: 2025-01-17 08:26:42.590Z: Extracting  65.54kB/3.624MB
[7B2025-01-17 08:26:42.620Z: [4A[2K
3f72e2f1b3f3: Downloading     223B/223B
[4B[4A[2K
3f72e2f1b3f3: Download complete 
[4B2025-01-17 08:26:42.624Z: [3A[2K
2025-01-17 08:26:42.625Z: 1ac829ce5af3: 2025-01-17 08:26:42.627Z: Downloading     235B/235B
[3B2025-01-17 08:26:42.627Z: [3A[2K
2025-01-17 08:26:42.628Z: 1ac829ce5af3: Verifying Checksum 
[3B2025-01-17 08:26:42.630Z: [3A[2K
2025-01-17 08:26:42.631Z: 1ac829ce5af3: Download complete 
[3B2025-01-17 08:26:42.632Z: [2A[2K
2025-01-17 08:26:42.633Z: 2a15ab263bdf: 2025-01-17 08:26:42.634Z: Downloading  538.9kB/230.6MB
2025-01-17 08:26:42.635Z: [2B2025-01-17 08:26:42.706Z: [7A2025-01-17 08:26:42.706Z: [2K
da9db072f522: Extracting  917.5kB/3.624MB
[7B2025-01-17 08:26:42.726Z: [1A[2K
a9bdcaa5c876: Downloading  440.6kB/43.41MB
[1B2025-01-17 08:26:42.781Z: [2A[2K
2a15ab263bdf: Downloading  22.69MB/230.6MB
[2B2025-01-17 08:26:42.800Z: [7A[2K
da9db072f522: Extracting  2.949MB/3.624MB
[7B2025-01-17 08:26:42.826Z: [1A[2K
a9bdcaa5c876: Downloading  24.33MB/43.41MB
[1B2025-01-17 08:26:42.841Z: [7A[2K
da9db072f522: Extracting  3.624MB/3.624MB
[7B2025-01-17 08:26:42.893Z: [2A[2K
2a15ab263bdf: Downloading  41.07MB/230.6MB
[2B2025-01-17 08:26:42.924Z: [7A[2K
da9db072f522: Pull complete 
[7B2025-01-17 08:26:42.933Z: [1A[2K
a9bdcaa5c876: Downloading  37.16MB/43.41MB
[1B2025-01-17 08:26:42.952Z: [1A[2K
a9bdcaa5c876: Verifying Checksum 
[1B2025-01-17 08:26:42.954Z: [1A[2K
a9bdcaa5c876: Download complete 
[1B2025-01-17 08:26:42.973Z: [6A2025-01-17 08:26:42.973Z: [2K
3cdff9e33f37: Extracting     410B/410B
[6B2025-01-17 08:26:42.973Z: [6A[2K
3cdff9e33f37: Extracting     410B/410B
[6B2025-01-17 08:26:42.982Z: [2A[2K
2a15ab263bdf: Downloading  63.24MB/230.6MB
[2B2025-01-17 08:26:43.095Z: [2A[2K
2a15ab263bdf: Downloading  80.54MB/230.6MB
[2B2025-01-17 08:26:43.195Z: [2A[2K
2a15ab263bdf: Downloading  105.4MB/230.6MB
[2B2025-01-17 08:26:43.296Z: [2A[2K
2a15ab263bdf: Downloading  127.6MB/230.6MB
[2B2025-01-17 08:26:43.397Z: [2A[2K
2a15ab263bdf: Downloading  146.5MB/230.6MB
[2B2025-01-17 08:26:43.499Z: [2A[2K
2a15ab263bdf: Downloading  169.2MB/230.6MB
[2B2025-01-17 08:26:43.608Z: [2A[2K
2a15ab263bdf: Downloading  191.9MB/230.6MB
[2B2025-01-17 08:26:43.708Z: [2A2025-01-17 08:26:43.708Z: [2K
2a15ab263bdf: Downloading  215.7MB/230.6MB
[2B2025-01-17 08:26:43.772Z: [2A[2K
2a15ab263bdf: Verifying Checksum 
[2B[2A[2K
2a15ab263bdf: Download complete 
[2B2025-01-17 08:26:44.083Z: [6A[2K
3cdff9e33f37: Pull complete 
[6B2025-01-17 08:26:44.089Z: [5A[2K
87dffdaee0b6: Extracting     135B/135B
[5B[5A[2K
87dffdaee0b6: Extracting     135B/135B
[5B2025-01-17 08:26:45.181Z: [5A[2K
87dffdaee0b6: Pull complete 
[5B2025-01-17 08:26:45.184Z: [4A[2K
3f72e2f1b3f3: Extracting     223B/223B
[4B2025-01-17 08:26:45.185Z: [4A[2K
3f72e2f1b3f3: Extracting     223B/223B
[4B2025-01-17 08:26:45.199Z: [4A[2K2025-01-17 08:26:45.199Z: 
3f72e2f1b3f3: Pull complete 
[4B2025-01-17 08:26:45.204Z: [3A2025-01-17 08:26:45.205Z: [2K
1ac829ce5af3: Extracting     235B/235B
[3B[3A[2K
1ac829ce5af3: Extracting     235B/235B
[3B2025-01-17 08:26:45.219Z: [3A[2K
1ac829ce5af3: Pull complete 
[3B2025-01-17 08:26:45.230Z: [2A2025-01-17 08:26:45.230Z: [2K
2a15ab263bdf: Extracting  557.1kB/230.6MB
[2B2025-01-17 08:26:45.331Z: [2A[2K
2a15ab263bdf: Extracting  4.456MB/230.6MB
[2B2025-01-17 08:26:45.434Z: [2A[2K
2a15ab263bdf: Extracting   11.7MB/230.6MB
[2B2025-01-17 08:26:45.537Z: [2A[2K
2a15ab263bdf: Extracting  18.94MB/230.6MB
[2B2025-01-17 08:26:45.657Z: [2A[2K
2a15ab263bdf: Extracting  23.95MB/230.6MB
[2B2025-01-17 08:26:45.775Z: [2A[2K
2a15ab263bdf: Extracting  25.07MB/230.6MB
[2B2025-01-17 08:26:45.884Z: [2A[2K
2a15ab263bdf: Extracting  26.18MB/230.6MB
[2B2025-01-17 08:26:45.984Z: [2A[2K
2a15ab263bdf: Extracting  29.52MB/230.6MB
[2B2025-01-17 08:26:46.085Z: [2A[2K
2a15ab263bdf: 2025-01-17 08:26:46.085Z: Extracting  32.31MB/230.6MB
[2B2025-01-17 08:26:46.190Z: [2A[2K
2025-01-17 08:26:46.191Z: 2a15ab263bdf: Extracting  40.67MB/230.6MB
[2B2025-01-17 08:26:46.292Z: [2A[2K
2025-01-17 08:26:46.292Z: 2a15ab263bdf: Extracting  46.79MB/230.6MB
[2B2025-01-17 08:26:46.396Z: [2A[2K
2a15ab263bdf: Extracting  52.92MB/230.6MB
[2B2025-01-17 08:26:46.505Z: [2A[2K
2a15ab263bdf: Extracting  57.38MB/230.6MB
[2B2025-01-17 08:26:46.622Z: [2A[2K
2a15ab263bdf: Extracting  61.28MB/230.6MB
[2B2025-01-17 08:26:46.725Z: [2A[2K
2a15ab263bdf: Extracting  76.87MB/230.6MB
[2B2025-01-17 08:26:46.827Z: [2A[2K
2a15ab263bdf: Extracting  91.91MB/230.6MB
[2B2025-01-17 08:26:46.929Z: [2A[2K
2a15ab263bdf: Extracting  106.4MB/230.6MB
[2B2025-01-17 08:26:47.079Z: [2A[2K
2a15ab263bdf: Extracting  114.2MB/230.6MB
[2B2025-01-17 08:26:47.199Z: [2A[2K
2a15ab263bdf: Extracting  119.2MB/230.6MB
[2B2025-01-17 08:26:47.303Z: [2A[2K
2a15ab263bdf: Extracting  121.4MB/230.6MB
[2B2025-01-17 08:26:47.407Z: [2A[2K
2a15ab263bdf: Extracting  126.5MB/230.6MB
[2B2025-01-17 08:26:47.517Z: [2A[2K
2a15ab263bdf: Extracting  134.3MB/230.6MB
[2B2025-01-17 08:26:47.623Z: [2A[2K
2a15ab263bdf: Extracting  142.6MB/230.6MB
[2B2025-01-17 08:26:47.723Z: [2A[2K
2a15ab263bdf: Extracting  149.3MB/230.6MB
[2B2025-01-17 08:26:47.825Z: [2A[2K
2a15ab263bdf: Extracting  156.5MB/230.6MB
[2B2025-01-17 08:26:47.930Z: [2A[2K
2a15ab263bdf: Extracting  163.8MB/230.6MB
[2B2025-01-17 08:26:48.036Z: [2A[2K
2a15ab263bdf: Extracting  172.1MB/230.6MB
[2B2025-01-17 08:26:48.139Z: [2A[2K
2a15ab263bdf: Extracting  180.5MB/230.6MB
[2B2025-01-17 08:26:48.243Z: [2A[2K
2a15ab263bdf: Extracting  188.3MB/230.6MB
[2B2025-01-17 08:26:48.344Z: [2A[2K
2a15ab263bdf: Extracting  196.6MB/230.6MB
[2B2025-01-17 08:26:48.447Z: [2A[2K
2a15ab263bdf: Extracting  204.4MB/230.6MB
[2B2025-01-17 08:26:48.556Z: [2A[2K
2a15ab263bdf: Extracting  211.7MB/230.6MB
[2B2025-01-17 08:26:48.661Z: [2A[2K
2a15ab263bdf: Extracting    220MB/230.6MB
[2B2025-01-17 08:26:48.787Z: [2A[2K
2a15ab263bdf: Extracting  222.3MB/230.6MB
[2B2025-01-17 08:26:48.906Z: [2A[2K
2a15ab263bdf: 2025-01-17 08:26:48.906Z: Extracting  224.5MB/230.6MB
[2B2025-01-17 08:26:49.031Z: [2A[2K
2a15ab263bdf: Extracting  226.2MB/230.6MB
[2B2025-01-17 08:26:49.242Z: [2A[2K
2a15ab263bdf: Extracting  227.8MB/230.6MB
[2B2025-01-17 08:26:49.367Z: [2A[2K
2025-01-17 08:26:49.367Z: 2a15ab263bdf: Extracting  228.4MB/230.6MB
[2B2025-01-17 08:26:49.409Z: [2A[2K
2025-01-17 08:26:49.409Z: 2a15ab263bdf: Extracting  230.6MB/230.6MB
[2B2025-01-17 08:26:53.571Z: [2A[2K
2a15ab263bdf: Pull complete 
[2B2025-01-17 08:26:53.594Z: [1A2025-01-17 08:26:53.595Z: [2K
a9bdcaa5c876: Extracting  458.8kB/43.41MB
[1B2025-01-17 08:26:53.758Z: [1A[2K
a9bdcaa5c876: Extracting  5.046MB/43.41MB
[1B2025-01-17 08:26:53.876Z: [1A[2K
a9bdcaa5c876: Extracting  8.716MB/43.41MB
[1B2025-01-17 08:26:54.052Z: [1A[2K
a9bdcaa5c876: Extracting  12.85MB/43.41MB
[1B2025-01-17 08:26:54.155Z: [1A[2K
a9bdcaa5c876: Extracting  18.81MB/43.41MB
[1B2025-01-17 08:26:54.261Z: [1A[2K
a9bdcaa5c876: Extracting  26.15MB/43.41MB
2025-01-17 08:26:54.262Z: [1B2025-01-17 08:26:54.364Z: [1A[2K
a9bdcaa5c876: Extracting  29.36MB/43.41MB
[1B2025-01-17 08:26:54.473Z: [1A[2K
a9bdcaa5c876: Extracting  30.28MB/43.41MB
[1B2025-01-17 08:26:54.596Z: [1A[2K
a9bdcaa5c876: Extracting   31.2MB/43.41MB
[1B2025-01-17 08:26:54.722Z: [1A[2K
a9bdcaa5c876: Extracting  32.57MB/43.41MB
[1B2025-01-17 08:26:54.826Z: [1A[2K
a9bdcaa5c876: Extracting  35.32MB/43.41MB
[1B2025-01-17 08:26:54.945Z: [1A2025-01-17 08:26:54.945Z: [2K
a9bdcaa5c876: Extracting   36.7MB/43.41MB
[1B2025-01-17 08:26:55.073Z: [1A2025-01-17 08:26:55.073Z: [2K
a9bdcaa5c876: Extracting  39.91MB/43.41MB
[1B2025-01-17 08:26:55.184Z: [1A[2K2025-01-17 08:26:55.185Z: 
a9bdcaa5c876: Extracting  40.83MB/43.41MB
[1B2025-01-17 08:26:55.432Z: [1A[2K
a9bdcaa5c876: Extracting  42.21MB/43.41MB
[1B2025-01-17 08:26:55.474Z: [1A[2K
a9bdcaa5c876: Extracting  43.41MB/43.41MB
[1B2025-01-17 08:26:56.620Z: [1A2025-01-17 08:26:56.620Z: [2K
a9bdcaa5c876: Pull complete 
[1B2025-01-17 08:26:56.626Z: Digest: sha256:5212d8ed44c89bfadad14a03104ef75b09c5de8642a58721c271f2e9155f5023
2025-01-17 08:26:56.628Z: Status: Downloaded newer image for mcr.microsoft.com/devcontainers/base:alpine2025-01-17 08:26:56.629Z: 
2025-01-17 08:26:56.813Z: Container started
2025-01-17 08:26:57.006Z: Outcome: success User: vscode WorkspaceFolder: /workspaces/sbidoul-ocadays2024-odoo-project-demo
2025-01-17 08:26:57.011Z: devcontainer process exited with exit code 0

=================================================================================
2025-01-17 08:26:57.783Z: Running blocking commands...
2025-01-17 08:26:57.820Z: $ devcontainer up --id-label Type=codespaces --workspace-folder /var/lib/docker/codespacemount/workspace/sbidoul-ocadays2024-odoo-project-demo --mount type=bind,source=/.codespaces/agent/mount/cache,target=/vscode --user-data-folder /var/lib/docker/codespacemount/.persistedshare --container-data-folder .vscode-remote/data/Machine --container-system-data-folder /var/vscode-remote --log-level trace --log-format json --update-remote-user-uid-default never --mount-workspace-git-root false --omit-config-remote-env-from-metadata --skip-non-blocking-commands --expect-existing-container --config "/var/lib/docker/codespacemount/workspace/sbidoul-ocadays2024-odoo-project-demo/.devcontainer/devcontainer.json" --override-config /root/.codespaces/shared/merged_devcontainer.json --default-user-env-probe loginInteractiveShell --container-session-data-folder /workspaces/.codespaces/.persistedshare/devcontainers-cli/cache --secrets-file /root/.codespaces/shared/user-secrets-envs.json
2025-01-17 08:26:58.076Z: @devcontainers/cli 0.68.0. Node.js v18.20.5. linux 6.5.0-1025-azure x64.
2025-01-17 08:26:58.255Z: Outcome: success User: vscode WorkspaceFolder: /workspaces/sbidoul-ocadays2024-odoo-project-demo
2025-01-17 08:26:58.262Z: devcontainer process exited with exit code 0

=================================================================================
2025-01-17 08:26:58.292Z: Configuring codespace...

=================================================================================
2025-01-17 08:26:58.292Z: Finished configuring codespace.
","description":"The expected container does not exist."}
2025-01-17 08:26:40.466Z:     at ctA (/.codespaces/agent/bin/node_modules/@devcontainers/cli/dist/spec-node/devContainersSpecCLI.js:410:3207)
2025-01-17 08:26:40.466Z:     at process.processTicksAndRejections (node:internal/process/task_queues:95:5)
2025-01-17 08:26:40.467Z:     at async YtA (/.codespaces/agent/bin/node_modules/@devcontainers/cli/dist/spec-node/devContainersSpecCLI.js:482:3944)
2025-01-17 08:26:40.471Z:     at async eB (/.codespaces/agent/bin/node_modules/@devcontainers/cli/dist/spec-node/devContainersSpecCLI.js:482:4886)
2025-01-17 08:26:40.472Z: devcontainer process exited with exit code 1
2025-01-17 08:26:40.472Z:     at async prA (/.codespaces/agent/bin/node_modules/@devcontainers/cli/dist/spec-node/devContainersSpecCLI.js:663:200)
2025-01-17 08:26:40.472Z:     at async drA (/.codespaces/agent/bin/node_modules/@devcontainers/cli/dist/spec-node/devContainersSpecCLI.js:662:14706)

====================================== ERROR ====================================
2025-01-17 08:26:40.477Z: Failed to create container.
=================================================================================
2025-01-17 08:26:40.478Z: Error: The expected container does not exist.
2025-01-17 08:26:40.480Z: Error code: 1302 (UnifiedContainersErrorFatalCreatingContainer)

====================================== ERROR ====================================
2025-01-17 08:26:40.490Z: Container creation failed.
=================================================================================
2025-01-17 08:26:40.699Z: 

===================================== WARNING ===================================
2025-01-17 08:26:40.701Z: Creating recovery container.
=================================================================================

=================================================================================
2025-01-17 08:26:41.714Z: Creating container...
2025-01-17 08:26:41.743Z: $ devcontainer up --id-label Type=codespaces --workspace-folder /var/lib/docker/codespacemount/workspace/sbidoul-ocadays2024-odoo-project-demo --mount type=bind,source=/.codespaces/agent/mount/cache,target=/vscode --user-data-folder /var/lib/docker/codespacemount/.persistedshare --container-data-folder .vscode-remote/data/Machine --container-system-data-folder /var/vscode-remote --log-level trace --log-format json --update-remote-user-uid-default never --mount-workspace-git-root false --omit-config-remote-env-from-metadata --skip-non-blocking-commands --skip-post-create --config "/var/lib/docker/codespacemount/workspace/sbidoul-ocadays2024-odoo-project-demo/.devcontainer/devcontainer.json" --override-config /root/.codespaces/shared/merged_devcontainer.json --default-user-env-probe loginInteractiveShell --container-session-data-folder /workspaces/.codespaces/.persistedshare/devcontainers-cli/cache --secrets-file /root/.codespaces/shared/user-secrets-envs.json
2025-01-17 08:26:41.900Z: @devcontainers/cli 0.68.0. Node.js v18.20.5. linux 6.5.0-1025-azure x64.
2025-01-17 08:26:42.265Z: $alpine -c echo Container started
2025-01-17 08:26:42.283Z: Unable to find image 'mcr.microsoft.com/devcontainers/base:alpine' locally
2025-01-17 08:26:42.431Z: alpine: Pulling from devcontainers/base
2025-01-17 08:26:42.473Z: 
[1A[2K
da9db072f522: Pulling fs layer 
[1B
[1A[2K
3cdff9e33f37: Pulling fs layer 
[1B
[1A[2K
87dffdaee0b6: Pulling fs layer 
[1B
[1A[2K
3f72e2f1b3f3: Pulling fs layer 
[1B
[1A[2K
1ac829ce5af3: Pulling fs layer 
[1B
[1A[2K
2a15ab263bdf: Pulling fs layer 
[1B
[1A[2K
a9bdcaa5c876: Pulling fs layer 
[1B2025-01-17 08:26:42.473Z: [3A[2K
2025-01-17 08:26:42.474Z: 1ac829ce5af3: Waiting 
[3B2025-01-17 08:26:42.475Z: [4A[2K
2025-01-17 08:26:42.475Z: 3f72e2f1b3f3: Waiting 
[4B[2A[2K
2a15ab263bdf: Waiting 
[2B[1A[2K
a9bdcaa5c876: Waiting 
[1B2025-01-17 08:26:42.543Z: [7A2025-01-17 08:26:42.543Z: [2K2025-01-17 08:26:42.544Z: 
2025-01-17 08:26:42.544Z: da9db072f522: 2025-01-17 08:26:42.545Z: Downloading  48.34kB/3.624MB
2025-01-17 08:26:42.545Z: [7B2025-01-17 08:26:42.546Z: [6A2025-01-17 08:26:42.547Z: [2K2025-01-17 08:26:42.547Z: 
2025-01-17 08:26:42.548Z: 3cdff9e33f37: Download complete 
[6B2025-01-17 08:26:42.557Z: [5A[2K
87dffdaee0b6: Downloading     135B/135B
[5B2025-01-17 08:26:42.558Z: [5A[2K
87dffdaee0b6: Verifying Checksum 
[5B[5A[2K
87dffdaee0b6: Download complete 
[5B2025-01-17 08:26:42.565Z: [7A2025-01-17 08:26:42.567Z: [2K2025-01-17 08:26:42.567Z: 
2025-01-17 08:26:42.567Z: da9db072f522: 2025-01-17 08:26:42.567Z: Downloading  3.624MB/3.624MB
2025-01-17 08:26:42.568Z: [7B[7A[2K
da9db072f522: Verifying Checksum 
[7B[7A[2K
da9db072f522: Download complete 
[7B2025-01-17 08:26:42.589Z: [7A[2K
da9db072f522: 2025-01-17 08:26:42.590Z: Extracting  65.54kB/3.624MB
[7B2025-01-17 08:26:42.620Z: [4A[2K
3f72e2f1b3f3: Downloading     223B/223B
[4B[4A[2K
3f72e2f1b3f3: Download complete 
[4B2025-01-17 08:26:42.624Z: [3A[2K
2025-01-17 08:26:42.625Z: 1ac829ce5af3: 2025-01-17 08:26:42.627Z: Downloading     235B/235B
[3B2025-01-17 08:26:42.627Z: [3A[2K
2025-01-17 08:26:42.628Z: 1ac829ce5af3: Verifying Checksum 
[3B2025-01-17 08:26:42.630Z: [3A[2K
2025-01-17 08:26:42.631Z: 1ac829ce5af3: Download complete 
[3B2025-01-17 08:26:42.632Z: [2A[2K
2025-01-17 08:26:42.633Z: 2a15ab263bdf: 2025-01-17 08:26:42.634Z: Downloading  538.9kB/230.6MB
2025-01-17 08:26:42.635Z: [2B2025-01-17 08:26:42.706Z: [7A2025-01-17 08:26:42.706Z: [2K
da9db072f522: Extracting  917.5kB/3.624MB
[7B2025-01-17 08:26:42.726Z: [1A[2K
a9bdcaa5c876: Downloading  440.6kB/43.41MB
[1B2025-01-17 08:26:42.781Z: [2A[2K
2a15ab263bdf: Downloading  22.69MB/230.6MB
[2B2025-01-17 08:26:42.800Z: [7A[2K
da9db072f522: Extracting  2.949MB/3.624MB
[7B2025-01-17 08:26:42.826Z: [1A[2K
a9bdcaa5c876: Downloading  24.33MB/43.41MB
[1B2025-01-17 08:26:42.841Z: [7A[2K
da9db072f522: Extracting  3.624MB/3.624MB
[7B2025-01-17 08:26:42.893Z: [2A[2K
2a15ab263bdf: Downloading  41.07MB/230.6MB
[2B2025-01-17 08:26:42.924Z: [7A[2K
da9db072f522: Pull complete 
[7B2025-01-17 08:26:42.933Z: [1A[2K
a9bdcaa5c876: Downloading  37.16MB/43.41MB
[1B2025-01-17 08:26:42.952Z: [1A[2K
a9bdcaa5c876: Verifying Checksum 
[1B2025-01-17 08:26:42.954Z: [1A[2K
a9bdcaa5c876: Download complete 
[1B2025-01-17 08:26:42.973Z: [6A2025-01-17 08:26:42.973Z: [2K
3cdff9e33f37: Extracting     410B/410B
[6B2025-01-17 08:26:42.973Z: [6A[2K
3cdff9e33f37: Extracting     410B/410B
[6B2025-01-17 08:26:42.982Z: [2A[2K
2a15ab263bdf: Downloading  63.24MB/230.6MB
[2B2025-01-17 08:26:43.095Z: [2A[2K
2a15ab263bdf: Downloading  80.54MB/230.6MB
[2B2025-01-17 08:26:43.195Z: [2A[2K
2a15ab263bdf: Downloading  105.4MB/230.6MB
[2B2025-01-17 08:26:43.296Z: [2A[2K
2a15ab263bdf: Downloading  127.6MB/230.6MB
[2B2025-01-17 08:26:43.397Z: [2A[2K
2a15ab263bdf: Downloading  146.5MB/230.6MB
[2B2025-01-17 08:26:43.499Z: [2A[2K
2a15ab263bdf: Downloading  169.2MB/230.6MB
[2B2025-01-17 08:26:43.608Z: [2A[2K
2a15ab263bdf: Downloading  191.9MB/230.6MB
[2B2025-01-17 08:26:43.708Z: [2A2025-01-17 08:26:43.708Z: [2K
2a15ab263bdf: Downloading  215.7MB/230.6MB
[2B2025-01-17 08:26:43.772Z: [2A[2K
2a15ab263bdf: Verifying Checksum 
[2B[2A[2K
2a15ab263bdf: Download complete 
[2B2025-01-17 08:26:44.083Z: [6A[2K
3cdff9e33f37: Pull complete 
[6B2025-01-17 08:26:44.089Z: [5A[2K
87dffdaee0b6: Extracting     135B/135B
[5B[5A[2K
87dffdaee0b6: Extracting     135B/135B
[5B2025-01-17 08:26:45.181Z: [5A[2K
87dffdaee0b6: Pull complete 
[5B2025-01-17 08:26:45.184Z: [4A[2K
3f72e2f1b3f3: Extracting     223B/223B
[4B2025-01-17 08:26:45.185Z: [4A[2K
3f72e2f1b3f3: Extracting     223B/223B
[4B2025-01-17 08:26:45.199Z: [4A[2K2025-01-17 08:26:45.199Z: 
3f72e2f1b3f3: Pull complete 
[4B2025-01-17 08:26:45.204Z: [3A2025-01-17 08:26:45.205Z: [2K
1ac829ce5af3: Extracting     235B/235B
[3B[3A[2K
1ac829ce5af3: Extracting     235B/235B
[3B2025-01-17 08:26:45.219Z: [3A[2K
1ac829ce5af3: Pull complete 
[3B2025-01-17 08:26:45.230Z: [2A2025-01-17 08:26:45.230Z: [2K
2a15ab263bdf: Extracting  557.1kB/230.6MB
[2B2025-01-17 08:26:45.331Z: [2A[2K
2a15ab263bdf: Extracting  4.456MB/230.6MB
[2B2025-01-17 08:26:45.434Z: [2A[2K
2a15ab263bdf: Extracting   11.7MB/230.6MB
[2B2025-01-17 08:26:45.537Z: [2A[2K
2a15ab263bdf: Extracting  18.94MB/230.6MB
[2B2025-01-17 08:26:45.657Z: [2A[2K
2a15ab263bdf: Extracting  23.95MB/230.6MB
[2B2025-01-17 08:26:45.775Z: [2A[2K
2a15ab263bdf: Extracting  25.07MB/230.6MB
[2B2025-01-17 08:26:45.884Z: [2A[2K
2a15ab263bdf: Extracting  26.18MB/230.6MB
[2B2025-01-17 08:26:45.984Z: [2A[2K
2a15ab263bdf: Extracting  29.52MB/230.6MB
[2B2025-01-17 08:26:46.085Z: [2A[2K
2a15ab263bdf: 2025-01-17 08:26:46.085Z: Extracting  32.31MB/230.6MB
[2B2025-01-17 08:26:46.190Z: [2A[2K
2025-01-17 08:26:46.191Z: 2a15ab263bdf: Extracting  40.67MB/230.6MB
[2B2025-01-17 08:26:46.292Z: [2A[2K
2025-01-17 08:26:46.292Z: 2a15ab263bdf: Extracting  46.79MB/230.6MB
[2B2025-01-17 08:26:46.396Z: [2A[2K
2a15ab263bdf: Extracting  52.92MB/230.6MB
[2B2025-01-17 08:26:46.505Z: [2A[2K
2a15ab263bdf: Extracting  57.38MB/230.6MB
[2B2025-01-17 08:26:46.622Z: [2A[2K
2a15ab263bdf: Extracting  61.28MB/230.6MB
[2B2025-01-17 08:26:46.725Z: [2A[2K
2a15ab263bdf: Extracting  76.87MB/230.6MB
[2B2025-01-17 08:26:46.827Z: [2A[2K
2a15ab263bdf: Extracting  91.91MB/230.6MB
[2B2025-01-17 08:26:46.929Z: [2A[2K
2a15ab263bdf: Extracting  106.4MB/230.6MB
[2B2025-01-17 08:26:47.079Z: [2A[2K
2a15ab263bdf: Extracting  114.2MB/230.6MB
[2B2025-01-17 08:26:47.199Z: [2A[2K
2a15ab263bdf: Extracting  119.2MB/230.6MB
[2B2025-01-17 08:26:47.303Z: [2A[2K
2a15ab263bdf: Extracting  121.4MB/230.6MB
[2B2025-01-17 08:26:47.407Z: [2A[2K
2a15ab263bdf: Extracting  126.5MB/230.6MB
[2B2025-01-17 08:26:47.517Z: [2A[2K
2a15ab263bdf: Extracting  134.3MB/230.6MB
[2B2025-01-17 08:26:47.623Z: [2A[2K
2a15ab263bdf: Extracting  142.6MB/230.6MB
[2B2025-01-17 08:26:47.723Z: [2A[2K
2a15ab263bdf: Extracting  149.3MB/230.6MB
[2B2025-01-17 08:26:47.825Z: [2A[2K
2a15ab263bdf: Extracting  156.5MB/230.6MB
[2B2025-01-17 08:26:47.930Z: [2A[2K
2a15ab263bdf: Extracting  163.8MB/230.6MB
[2B2025-01-17 08:26:48.036Z: [2A[2K
2a15ab263bdf: Extracting  172.1MB/230.6MB
[2B2025-01-17 08:26:48.139Z: [2A[2K
2a15ab263bdf: Extracting  180.5MB/230.6MB
[2B2025-01-17 08:26:48.243Z: [2A[2K
2a15ab263bdf: Extracting  188.3MB/230.6MB
[2B2025-01-17 08:26:48.344Z: [2A[2K
2a15ab263bdf: Extracting  196.6MB/230.6MB
[2B2025-01-17 08:26:48.447Z: [2A[2K
2a15ab263bdf: Extracting  204.4MB/230.6MB
[2B2025-01-17 08:26:48.556Z: [2A[2K
2a15ab263bdf: Extracting  211.7MB/230.6MB
[2B2025-01-17 08:26:48.661Z: [2A[2K
2a15ab263bdf: Extracting    220MB/230.6MB
[2B2025-01-17 08:26:48.787Z: [2A[2K
2a15ab263bdf: Extracting  222.3MB/230.6MB
[2B2025-01-17 08:26:48.906Z: [2A[2K
2a15ab263bdf: 2025-01-17 08:26:48.906Z: Extracting  224.5MB/230.6MB
[2B2025-01-17 08:26:49.031Z: [2A[2K
2a15ab263bdf: Extracting  226.2MB/230.6MB
[2B2025-01-17 08:26:49.242Z: [2A[2K
2a15ab263bdf: Extracting  227.8MB/230.6MB
[2B2025-01-17 08:26:49.367Z: [2A[2K
2025-01-17 08:26:49.367Z: 2a15ab263bdf: Extracting  228.4MB/230.6MB
[2B2025-01-17 08:26:49.409Z: [2A[2K
2025-01-17 08:26:49.409Z: 2a15ab263bdf: Extracting  230.6MB/230.6MB
[2B2025-01-17 08:26:53.571Z: [2A[2K
2a15ab263bdf: Pull complete 
[2B2025-01-17 08:26:53.594Z: [1A2025-01-17 08:26:53.595Z: [2K
a9bdcaa5c876: Extracting  458.8kB/43.41MB
[1B2025-01-17 08:26:53.758Z: [1A[2K
a9bdcaa5c876: Extracting  5.046MB/43.41MB
[1B2025-01-17 08:26:53.876Z: [1A[2K
a9bdcaa5c876: Extracting  8.716MB/43.41MB
[1B2025-01-17 08:26:54.052Z: [1A[2K
a9bdcaa5c876: Extracting  12.85MB/43.41MB
[1B2025-01-17 08:26:54.155Z: [1A[2K
a9bdcaa5c876: Extracting  18.81MB/43.41MB
[1B2025-01-17 08:26:54.261Z: [1A[2K
a9bdcaa5c876: Extracting  26.15MB/43.41MB
2025-01-17 08:26:54.262Z: [1B2025-01-17 08:26:54.364Z: [1A[2K
a9bdcaa5c876: Extracting  29.36MB/43.41MB
[1B2025-01-17 08:26:54.473Z: [1A[2K
a9bdcaa5c876: Extracting  30.28MB/43.41MB
[1B2025-01-17 08:26:54.596Z: [1A[2K
a9bdcaa5c876: Extracting   31.2MB/43.41MB
[1B2025-01-17 08:26:54.722Z: [1A[2K
a9bdcaa5c876: Extracting  32.57MB/43.41MB
[1B2025-01-17 08:26:54.826Z: [1A[2K
a9bdcaa5c876: Extracting  35.32MB/43.41MB
[1B2025-01-17 08:26:54.945Z: [1A2025-01-17 08:26:54.945Z: [2K
a9bdcaa5c876: Extracting   36.7MB/43.41MB
[1B2025-01-17 08:26:55.073Z: [1A2025-01-17 08:26:55.073Z: [2K
a9bdcaa5c876: Extracting  39.91MB/43.41MB
[1B2025-01-17 08:26:55.184Z: [1A[2K2025-01-17 08:26:55.185Z: 
a9bdcaa5c876: Extracting  40.83MB/43.41MB
[1B2025-01-17 08:26:55.432Z: [1A[2K
a9bdcaa5c876: Extracting  42.21MB/43.41MB
[1B2025-01-17 08:26:55.474Z: [1A[2K
a9bdcaa5c876: Extracting  43.41MB/43.41MB
[1B2025-01-17 08:26:56.620Z: [1A2025-01-17 08:26:56.620Z: [2K
a9bdcaa5c876: Pull complete 
[1B2025-01-17 08:26:56.626Z: Digest: sha256:5212d8ed44c89bfadad14a03104ef75b09c5de8642a58721c271f2e9155f5023
2025-01-17 08:26:56.628Z: Status: Downloaded newer image for mcr.microsoft.com/devcontainers/base:alpine2025-01-17 08:26:56.629Z: 
2025-01-17 08:26:56.813Z: Container started
2025-01-17 08:26:57.006Z: Outcome: success User: vscode WorkspaceFolder: /workspaces/sbidoul-ocadays2024-odoo-project-demo
2025-01-17 08:26:57.011Z: devcontainer process exited with exit code 0

=================================================================================
2025-01-17 08:26:57.783Z: Running blocking commands...
2025-01-17 08:26:57.820Z: $ devcontainer up --id-label Type=codespaces --workspace-folder /var/lib/docker/codespacemount/workspace/sbidoul-ocadays2024-odoo-project-demo --mount type=bind,source=/.codespaces/agent/mount/cache,target=/vscode --user-data-folder /var/lib/docker/codespacemount/.persistedshare --container-data-folder .vscode-remote/data/Machine --container-system-data-folder /var/vscode-remote --log-level trace --log-format json --update-remote-user-uid-default never --mount-workspace-git-root false --omit-config-remote-env-from-metadata --skip-non-blocking-commands --expect-existing-container --config "/var/lib/docker/codespacemount/workspace/sbidoul-ocadays2024-odoo-project-demo/.devcontainer/devcontainer.json" --override-config /root/.codespaces/shared/merged_devcontainer.json --default-user-env-probe loginInteractiveShell --container-session-data-folder /workspaces/.codespaces/.persistedshare/devcontainers-cli/cache --secrets-file /root/.codespaces/shared/user-secrets-envs.json
2025-01-17 08:26:58.076Z: @devcontainers/cli 0.68.0. Node.js v18.20.5. linux 6.5.0-1025-azure x64.
2025-01-17 08:26:58.255Z: Outcome: success User: vscode WorkspaceFolder: /workspaces/sbidoul-ocadays2024-odoo-project-demo
2025-01-17 08:26:58.262Z: devcontainer process exited with exit code 0

=================================================================================
2025-01-17 08:26:58.292Z: Configuring codespace...

=================================================================================
2025-01-17 08:26:58.292Z: Finished configuring codespace.
